<?xml version="1.0" encoding="UTF-8"?>

<configuration scan="true" scanPeriod="60 seconds" debug="false">
      <property name="APP_Name" value="myAppName" /> 
      <contextName>${APP_Name}</contextName>
      <!-- 其他配置省略-->
      
      <timestamp key="bySecond" datePattern="yyyyMMdd'T'HHmmss"/>   
      <contextName>${bySecond}</contextName>  
</configuration> 